# JRE version: Java(TM) SE Runtime Environment (8.0_111-b14) (build 1.8.0_111-b14)
# Java VM: Java HotSpot(TM) 64-Bit Server VM (25.111-b14 mixed mode bsd-amd64 compressed oops)
Heap:
 PSYoungGen      total 186368K, used 90196K [0x000000076ab00000, 0x0000000779080000, 0x00000007c0000000)
  eden space 171008K, 43% used [0x000000076ab00000,0x000000076f415fa0,0x0000000775200000)
  from space 15360K, 99% used [0x0000000778180000,0x000000077907f440,0x0000000779080000)
  to   space 29184K, 0% used [0x0000000775780000,0x0000000775780000,0x0000000777400000)
 ParOldGen       total 172544K, used 37472K [0x00000006c0000000, 0x00000006ca880000, 0x000000076ab00000)
  object space 172544K, 21% used [0x00000006c0000000,0x00000006c2498150,0x00000006ca880000)
 Metaspace       used 48399K, capacity 52688K, committed 52864K, reserved 1095680K
  class space    used 6395K, capacity 7551K, committed 7552K, reserved 1048576K
GC Heap History (10 events):
Event: 2.211 GC heap before
{Heap before GC invocations=4 (full 0):
 PSYoungGen      total 76288K, used 54509K [0x000000076ab00000, 0x0000000774000000, 0x00000007c0000000)
  eden space 65536K, 66% used [0x000000076ab00000,0x000000076d5bca40,0x000000076eb00000)
  from space 10752K, 99% used [0x000000076eb00000,0x000000076f57ea18,0x000000076f580000)
  to   space 10752K, 0% used [0x0000000773580000,0x0000000773580000,0x0000000774000000)
 ParOldGen       total 175104K, used 4667K [0x00000006c0000000, 0x00000006cab00000, 0x000000076ab00000)
  object space 175104K, 2% used [0x00000006c0000000,0x00000006c048ede8,0x00000006cab00000)
 Metaspace       used 20350K, capacity 21210K, committed 21296K, reserved 1069056K
  class space    used 2161K, capacity 2400K, committed 2432K, reserved 1048576K
Event: 2.221 GC heap after
Heap after GC invocations=4 (full 0):
 PSYoungGen      total 141824K, used 10730K [0x000000076ab00000, 0x0000000774000000, 0x00000007c0000000)
  eden space 131072K, 0% used [0x000000076ab00000,0x000000076ab00000,0x0000000772b00000)
  from space 10752K, 99% used [0x0000000773580000,0x0000000773ffaaa0,0x0000000774000000)
  to   space 10752K, 0% used [0x0000000772b00000,0x0000000772b00000,0x0000000773580000)
 ParOldGen       total 175104K, used 4723K [0x00000006c0000000, 0x00000006cab00000, 0x000000076ab00000)
  object space 175104K, 2% used [0x00000006c0000000,0x00000006c049cde8,0x00000006cab00000)
 Metaspace       used 20350K, capacity 21210K, committed 21296K, reserved 1069056K
  class space    used 2161K, capacity 2400K, committed 2432K, reserved 1048576K
}
Event: 2.221 GC heap before
{Heap before GC invocations=5 (full 1):
 PSYoungGen      total 141824K, used 10730K [0x000000076ab00000, 0x0000000774000000, 0x00000007c0000000)
  eden space 131072K, 0% used [0x000000076ab00000,0x000000076ab00000,0x0000000772b00000)
  from space 10752K, 99% used [0x0000000773580000,0x0000000773ffaaa0,0x0000000774000000)
  to   space 10752K, 0% used [0x0000000772b00000,0x0000000772b00000,0x0000000773580000)
 ParOldGen       total 175104K, used 4723K [0x00000006c0000000, 0x00000006cab00000, 0x000000076ab00000)
  object space 175104K, 2% used [0x00000006c0000000,0x00000006c049cde8,0x00000006cab00000)
 Metaspace       used 20350K, capacity 21210K, committed 21296K, reserved 1069056K
  class space    used 2161K, capacity 2400K, committed 2432K, reserved 1048576K
Event: 2.265 GC heap after
Heap after GC invocations=5 (full 1):
 PSYoungGen      total 141824K, used 0K [0x000000076ab00000, 0x0000000774000000, 0x00000007c0000000)
  eden space 131072K, 0% used [0x000000076ab00000,0x000000076ab00000,0x0000000772b00000)
  from space 10752K, 0% used [0x0000000773580000,0x0000000773580000,0x0000000774000000)
  to   space 10752K, 0% used [0x0000000772b00000,0x0000000772b00000,0x0000000773580000)
 ParOldGen       total 109568K, used 13183K [0x00000006c0000000, 0x00000006c6b00000, 0x000000076ab00000)
  object space 109568K, 12% used [0x00000006c0000000,0x00000006c0cdffc8,0x00000006c6b00000)
 Metaspace       used 20350K, capacity 21210K, committed 21296K, reserved 1069056K
  class space    used 2161K, capacity 2400K, committed 2432K, reserved 1048576K
}
Event: 3.067 GC heap before
{Heap before GC invocations=6 (full 1):
 PSYoungGen      total 141824K, used 116521K [0x000000076ab00000, 0x0000000774000000, 0x00000007c0000000)
  eden space 131072K, 88% used [0x000000076ab00000,0x0000000771cca730,0x0000000772b00000)
  from space 10752K, 0% used [0x0000000773580000,0x0000000773580000,0x0000000774000000)
  to   space 10752K, 0% used [0x0000000772b00000,0x0000000772b00000,0x0000000773580000)
 ParOldGen       total 109568K, used 13183K [0x00000006c0000000, 0x00000006c6b00000, 0x000000076ab00000)
  object space 109568K, 12% used [0x00000006c0000000,0x00000006c0cdffc8,0x00000006c6b00000)
 Metaspace       used 32732K, capacity 35324K, committed 35456K, reserved 1079296K
  class space    used 3931K, capacity 4640K, committed 4736K, reserved 1048576K
Event: 3.074 GC heap after
Heap after GC invocations=6 (full 1):
 PSYoungGen      total 141824K, used 6773K [0x000000076ab00000, 0x0000000779080000, 0x00000007c0000000)
  eden space 131072K, 0% used [0x000000076ab00000,0x000000076ab00000,0x0000000772b00000)
  from space 10752K, 62% used [0x0000000772b00000,0x000000077319d448,0x0000000773580000)
  to   space 15360K, 0% used [0x0000000778180000,0x0000000778180000,0x0000000779080000)
 ParOldGen       total 109568K, used 13191K [0x00000006c0000000, 0x00000006c6b00000, 0x000000076ab00000)
  object space 109568K, 12% used [0x00000006c0000000,0x00000006c0ce1fc8,0x00000006c6b00000)
 Metaspace       used 32732K, capacity 35324K, committed 35456K, reserved 1079296K
  class space    used 3931K, capacity 4640K, committed 4736K, reserved 1048576K
}
Event: 3.074 GC heap before
{Heap before GC invocations=7 (full 2):
 PSYoungGen      total 141824K, used 6773K [0x000000076ab00000, 0x0000000779080000, 0x00000007c0000000)
  eden space 131072K, 0% used [0x000000076ab00000,0x000000076ab00000,0x0000000772b00000)
  from space 10752K, 62% used [0x0000000772b00000,0x000000077319d448,0x0000000773580000)
  to   space 15360K, 0% used [0x0000000778180000,0x0000000778180000,0x0000000779080000)
 ParOldGen       total 109568K, used 13191K [0x00000006c0000000, 0x00000006c6b00000, 0x000000076ab00000)
  object space 109568K, 12% used [0x00000006c0000000,0x00000006c0ce1fc8,0x00000006c6b00000)
 Metaspace       used 32732K, capacity 35324K, committed 35456K, reserved 1079296K
  class space    used 3931K, capacity 4640K, committed 4736K, reserved 1048576K
Event: 3.134 GC heap after
Heap after GC invocations=7 (full 2):
 PSYoungGen      total 141824K, used 0K [0x000000076ab00000, 0x0000000779080000, 0x00000007c0000000)
  eden space 131072K, 0% used [0x000000076ab00000,0x000000076ab00000,0x0000000772b00000)
  from space 10752K, 0% used [0x0000000772b00000,0x0000000772b00000,0x0000000773580000)
  to   space 15360K, 0% used [0x0000000778180000,0x0000000778180000,0x0000000779080000)
 ParOldGen       total 172544K, used 17177K [0x00000006c0000000, 0x00000006ca880000, 0x000000076ab00000)
  object space 172544K, 9% used [0x00000006c0000000,0x00000006c10c6508,0x00000006ca880000)
 Metaspace       used 32732K, capacity 35324K, committed 35456K, reserved 1079296K
  class space    used 3931K, capacity 4640K, committed 4736K, reserved 1048576K
}
Event: 6.087 GC heap before
{Heap before GC invocations=8 (full 2):
 PSYoungGen      total 141824K, used 131072K [0x000000076ab00000, 0x0000000779080000, 0x00000007c0000000)
  eden space 131072K, 100% used [0x000000076ab00000,0x0000000772b00000,0x0000000772b00000)
  from space 10752K, 0% used [0x0000000772b00000,0x0000000772b00000,0x0000000773580000)
  to   space 15360K, 0% used [0x0000000778180000,0x0000000778180000,0x0000000779080000)
 ParOldGen       total 172544K, used 17177K [0x00000006c0000000, 0x00000006ca880000, 0x000000076ab00000)
  object space 172544K, 9% used [0x00000006c0000000,0x00000006c10c6508,0x00000006ca880000)
 Metaspace       used 46368K, capacity 50466K, committed 50560K, reserved 1093632K
  class space    used 6100K, capacity 7223K, committed 7296K, reserved 1048576K
Event: 6.100 GC heap after
Heap after GC invocations=8 (full 2):
 PSYoungGen      total 186368K, used 15357K [0x000000076ab00000, 0x0000000779080000, 0x00000007c0000000)
  eden space 171008K, 0% used [0x000000076ab00000,0x000000076ab00000,0x0000000775200000)
  from space 15360K, 99% used [0x0000000778180000,0x000000077907f440,0x0000000779080000)
  to   space 29184K, 0% used [0x0000000775780000,0x0000000775780000,0x0000000777400000)
 ParOldGen       total 172544K, used 37472K [0x00000006c0000000, 0x00000006ca880000, 0x000000076ab00000)
  object space 172544K, 21% used [0x00000006c0000000,0x00000006c2498150,0x00000006ca880000)
 Metaspace       used 46368K, capacity 50466K, committed 50560K, reserved 1093632K
  class space    used 6100K, capacity 7223K, committed 7296K, reserved 1048576K
}

